<AxUnitTestResult>
  <TestResults>
    <TestResult TestName="Siemens.Ax.MyTestFixture.MyTestMethod">
      <TestCases>
        <TestCaseResult Id="0" Parameter="" Result="Failed">
          <FailedAsserts>
            <TestDetailSummary Message="Assert Failed!" />
            <Location source-name="d:\Git\AxCommunity\hello-ax-world\test\test.st" start-line="12" end-line="12" start-column="13" end-column="13" />
          </FailedAsserts>
        </TestCaseResult>
      </TestCases>
    </TestResult>
  </TestResults>
</AxUnitTestResult>